c:\users\weh073\desktop\billardvr\client\x64\debug\client.pch
c:\users\weh073\desktop\billardvr\client\x64\debug\vc141.pdb
c:\users\weh073\desktop\billardvr\client\x64\debug\vc141.idb
c:\users\weh073\desktop\billardvr\client\x64\debug\pch.obj
c:\users\weh073\desktop\billardvr\client\x64\debug\texturedcube.obj
c:\users\weh073\desktop\billardvr\client\x64\debug\skybox.obj
c:\users\weh073\desktop\billardvr\client\x64\debug\shader.obj
c:\users\weh073\desktop\billardvr\client\x64\debug\client.obj
c:\users\weh073\desktop\billardvr\client\x64\debug\cube.obj
c:\users\weh073\desktop\billardvr\x64\debug\client.ilk
c:\users\weh073\desktop\billardvr\x64\debug\client.exe
c:\users\weh073\desktop\billardvr\x64\debug\client.pdb
c:\users\weh073\desktop\billardvr\client\x64\debug\client.res
c:\users\weh073\desktop\billiardvr\client\x64\debug\client.obj
c:\users\weh073\desktop\billiardvr\client\x64\debug\cube.obj
c:\users\weh073\desktop\billiardvr\client\x64\debug\pch.obj
c:\users\weh073\desktop\billiardvr\client\x64\debug\shader.obj
c:\users\weh073\desktop\billiardvr\client\x64\debug\skybox.obj
c:\users\weh073\desktop\billiardvr\client\x64\debug\texturedcube.obj
c:\users\weh073\desktop\billiardvr\client\x64\debug\client.res
c:\users\weh073\desktop\billiardvr\client\x64\debug\client.pch
c:\users\weh073\desktop\billiardvr\client\x64\debug\vc141.idb
c:\users\weh073\desktop\billiardvr\client\x64\debug\vc141.pdb
c:\users\weh073\desktop\billiardvr\client\x64\debug\client.tlog\cl.command.1.tlog
c:\users\weh073\desktop\billiardvr\client\x64\debug\client.tlog\cl.read.1.tlog
c:\users\weh073\desktop\billiardvr\client\x64\debug\client.tlog\cl.write.1.tlog
c:\users\weh073\desktop\billiardvr\client\x64\debug\client.tlog\link.command.1.tlog
c:\users\weh073\desktop\billiardvr\client\x64\debug\client.tlog\link.read.1.tlog
c:\users\weh073\desktop\billiardvr\client\x64\debug\client.tlog\link.write.1.tlog
c:\users\weh073\desktop\billiardvr\client\x64\debug\client.tlog\rc.command.1.tlog
c:\users\weh073\desktop\billiardvr\client\x64\debug\client.tlog\rc.read.1.tlog
c:\users\weh073\desktop\billiardvr\client\x64\debug\client.tlog\rc.write.1.tlog
