  pch.cpp
  Cube.cpp
  Client.cpp
c:\users\weh073\desktop\billiardvr\client\mesh.h(93): warning C4267: 'argument': conversion from 'size_t' to 'GLsizei', possible loss of data
c:\users\weh073\desktop\billiardvr\client\client.cpp(51): warning C4305: 'argument': truncation from 'double' to 'irrklang::ik_f32'
c:\users\weh073\desktop\billiardvr\client\client.cpp(101): warning C4244: '+=': conversion from 'double' to 'float', possible loss of data
c:\users\weh073\desktop\billiardvr\client\client.cpp(102): warning C4244: '+=': conversion from 'double' to 'float', possible loss of data
c:\users\weh073\desktop\billiardvr\client\client.cpp(105): warning C4305: '+=': truncation from 'double' to 'float'
c:\users\weh073\desktop\billiardvr\client\client.cpp(109): warning C4305: '-=': truncation from 'double' to 'float'
c:\users\weh073\desktop\billiardvr\client\client.cpp(117): warning C4305: '-=': truncation from 'double' to 'float'
c:\users\weh073\desktop\billiardvr\client\client.cpp(121): warning C4305: '+=': truncation from 'double' to 'float'
c:\users\weh073\desktop\billiardvr\client\client.cpp(155): warning C4244: 'argument': conversion from 'double' to 'irrklang::ik_f32', possible loss of data
c:\users\weh073\desktop\billiardvr\client\client.cpp(163): warning C4305: 'argument': truncation from 'double' to 'irrklang::ik_f32'
c:\users\weh073\desktop\billiardvr\client\client.cpp(169): warning C4244: 'argument': conversion from 'double' to 'irrklang::ik_f32', possible loss of data
  shader.cpp
  Skybox.cpp
  TexturedCube.cpp
c:\users\weh073\desktop\billiardvr\client\texturedcube.cpp(46): warning C4267: '=': conversion from 'size_t' to 'unsigned int', possible loss of data
  Generating Code...
Client.obj : error LNK2019: unresolved external symbol "__declspec(dllimport) class irrklang::ISoundEngine * __cdecl irrklang::createIrrKlangDevice(enum irrklang::E_SOUND_OUTPUT_DRIVER,int,char const *,char const *)" (__imp_?createIrrKlangDevice@irrklang@@YAPEAVISoundEngine@1@W4E_SOUND_OUTPUT_DRIVER@1@HPEBD1@Z) referenced in function "void __cdecl `dynamic initializer for 'ball_engine''(void)" (??__Eball_engine@@YAXXZ)
C:\Users\weh073\DESKTOP\BilliardVR\x64\Debug\Client.exe : fatal error LNK1120: 1 unresolved externals
