c:\users\weh073\desktop\billardvr\server\x64\debug\server.pch
c:\users\weh073\desktop\billardvr\server\x64\debug\vc141.pdb
c:\users\weh073\desktop\billardvr\server\x64\debug\vc141.idb
c:\users\weh073\desktop\billardvr\server\x64\debug\pch.obj
c:\users\weh073\desktop\billardvr\server\x64\debug\server.obj
c:\users\weh073\desktop\billiardvr\server\x64\debug\pch.obj
c:\users\weh073\desktop\billiardvr\server\x64\debug\server.obj
c:\users\weh073\desktop\billiardvr\server\x64\debug\server.pch
c:\users\weh073\desktop\billiardvr\server\x64\debug\vc141.idb
c:\users\weh073\desktop\billiardvr\server\x64\debug\vc141.pdb
c:\users\weh073\desktop\billiardvr\server\x64\debug\server.tlog\cl.command.1.tlog
c:\users\weh073\desktop\billiardvr\server\x64\debug\server.tlog\cl.read.1.tlog
c:\users\weh073\desktop\billiardvr\server\x64\debug\server.tlog\cl.write.1.tlog
c:\users\weh073\desktop\billiardvr\server\x64\debug\server.tlog\link-cvtres.read.1.tlog
c:\users\weh073\desktop\billiardvr\server\x64\debug\server.tlog\link-cvtres.write.1.tlog
c:\users\weh073\desktop\billiardvr\server\x64\debug\server.tlog\link-rc.read.1.tlog
c:\users\weh073\desktop\billiardvr\server\x64\debug\server.tlog\link-rc.write.1.tlog
c:\users\weh073\desktop\billiardvr\server\x64\debug\server.tlog\link.command.1.tlog
c:\users\weh073\desktop\billiardvr\server\x64\debug\server.tlog\link.read.1.tlog
c:\users\weh073\desktop\billiardvr\server\x64\debug\server.tlog\link.write.1.tlog
