c:\users\chh179\desktop\billiardvr\server\x64\release\server.pch
c:\users\chh179\desktop\billiardvr\server\x64\release\vc141.pdb
c:\users\chh179\desktop\billiardvr\server\x64\release\pch.obj
c:\users\chh179\desktop\billiardvr\server\x64\release\server.obj
c:\users\chh179\desktop\billiardvr\x64\release\server.exe
c:\users\chh179\desktop\billiardvr\x64\release\server.pdb
c:\users\chh179\desktop\billiardvr\x64\release\server.ipdb
c:\users\chh179\desktop\billiardvr\x64\release\server.iobj
c:\users\weh073\desktop\billiardvr\server\x64\release\pch.obj
c:\users\weh073\desktop\billiardvr\server\x64\release\server.obj
c:\users\weh073\desktop\billiardvr\server\x64\release\server.pch
c:\users\weh073\desktop\billiardvr\server\x64\release\vc141.pdb
c:\users\weh073\desktop\billiardvr\x64\release\server.pdb
c:\users\weh073\desktop\billiardvr\x64\release\server.exe
c:\users\weh073\desktop\billiardvr\server\x64\release\server.tlog\cl.command.1.tlog
c:\users\weh073\desktop\billiardvr\server\x64\release\server.tlog\cl.read.1.tlog
c:\users\weh073\desktop\billiardvr\server\x64\release\server.tlog\cl.write.1.tlog
c:\users\weh073\desktop\billiardvr\server\x64\release\server.tlog\link.command.1.tlog
c:\users\weh073\desktop\billiardvr\server\x64\release\server.tlog\link.read.1.tlog
c:\users\weh073\desktop\billiardvr\server\x64\release\server.tlog\link.write.1.tlog
c:\users\weh073\desktop\billiardvr\server\x64\release\server.tlog\server.write.1u.tlog
