c:\users\weh073\desktop\billardvr\client\x64\release\client.pch
c:\users\weh073\desktop\billardvr\client\x64\release\vc141.pdb
c:\users\weh073\desktop\billardvr\client\x64\release\pch.obj
c:\users\weh073\desktop\billardvr\client\x64\release\texturedcube.obj
c:\users\weh073\desktop\billardvr\client\x64\release\skybox.obj
c:\users\weh073\desktop\billardvr\client\x64\release\shader.obj
c:\users\weh073\desktop\billardvr\client\x64\release\client.obj
c:\users\weh073\desktop\billardvr\client\x64\release\cube.obj
c:\users\weh073\desktop\billardvr\x64\release\client.ipdb
c:\users\weh073\desktop\billardvr\x64\release\client.iobj
c:\users\weh073\desktop\billardvr\client\x64\release\client.res
c:\users\weh073\desktop\billardvr\x64\release\client.pdb
c:\users\weh073\desktop\billardvr\x64\release\client.exe
c:\users\weh073\desktop\billardvr\client\x64\release\client.tlog\cl.command.1.tlog
c:\users\weh073\desktop\billardvr\client\x64\release\client.tlog\cl.read.1.tlog
c:\users\weh073\desktop\billardvr\client\x64\release\client.tlog\cl.write.1.tlog
c:\users\weh073\desktop\billardvr\client\x64\release\client.tlog\client.write.1u.tlog
c:\users\weh073\desktop\billardvr\client\x64\release\client.tlog\link.command.1.tlog
c:\users\weh073\desktop\billardvr\client\x64\release\client.tlog\link.read.1.tlog
c:\users\weh073\desktop\billardvr\client\x64\release\client.tlog\link.write.1.tlog
c:\users\weh073\desktop\billardvr\client\x64\release\client.tlog\rc.command.1.tlog
c:\users\weh073\desktop\billardvr\client\x64\release\client.tlog\rc.read.1.tlog
c:\users\weh073\desktop\billardvr\client\x64\release\client.tlog\rc.write.1.tlog
